This file contains any messages produced by compilers while
running configure, to aid debugging if configure makes a mistake.

It was created by pbc configure 0.5.12, which was
generated by GNU Autoconf 2.68.  Invocation command line was

  $ ./configure LDFLAGS=-L/home/river/android-sdk/workplace/micharu123-py4a/python3-alpha/thirdparty/lib CPPFLAGS=-I/home/river/android-sdk/workplace/micharu123-py4a/python3-alpha/thirdparty/include --host=arm-linux-androideabi --target=arm-linux-androideabi --prefix=/home/river/android-sdk/workplace/micharu123-py4a/python3-alpha/thirdparty

## --------- ##
## Platform. ##
## --------- ##

hostname = ca-fremont-1.tubebook.net
uname -m = x86_64
uname -r = 3.12.9-x86_64-linode37
uname -s = Linux
uname -v = #1 SMP Mon Feb 3 10:01:02 EST 2014

/usr/bin/uname -p = unknown
/bin/uname -X     = unknown

/bin/arch              = unknown
/usr/bin/arch -k       = unknown
/usr/convex/getsysinfo = unknown
/usr/bin/hostinfo      = unknown
/bin/machine           = unknown
/usr/bin/oslevel       = unknown
/bin/universe          = unknown

PATH: /usr/local/sbin
PATH: /usr/local/bin
PATH: /usr/sbin
PATH: /usr/bin
PATH: /sbin
PATH: /bin
PATH: /usr/games
PATH: /home/river/android-sdk/android-toolchain/bin


## ----------- ##
## Core tests. ##
## ----------- ##

configure:2284: checking for a BSD-compatible install
configure:2352: result: /usr/bin/install -c
configure:2363: checking whether build environment is sane
configure:2413: result: yes
configure:2462: checking for arm-linux-androideabi-strip
configure:2478: found /home/river/android-sdk/android-toolchain/bin/arm-linux-androideabi-strip
configure:2489: result: arm-linux-androideabi-strip
configure:2554: checking for a thread-safe mkdir -p
configure:2593: result: /bin/mkdir -p
configure:2606: checking for gawk
configure:2636: result: no
configure:2606: checking for mawk
configure:2622: found /usr/bin/mawk
configure:2633: result: mawk
configure:2644: checking whether make sets $(MAKE)
configure:2666: result: yes
configure:2778: checking build system type
configure:2792: result: x86_64-unknown-linux-gnu
configure:2812: checking host system type
configure:2825: result: arm-unknown-linux-androideabi
configure:2866: checking how to print strings
configure:2893: result: printf
configure:2926: checking for style of include used by make
configure:2954: result: GNU
configure:2985: checking for arm-linux-androideabi-gcc
configure:3012: result: arm-linux-androideabi-gcc
configure:3281: checking for C compiler version
configure:3290: arm-linux-androideabi-gcc --version >&5
arm-linux-androideabi-gcc (GCC) 4.8
Copyright (C) 2013 Free Software Foundation, Inc.
This is free software; see the source for copying conditions.  There is NO
warranty; not even for MERCHANTABILITY or FITNESS FOR A PARTICULAR PURPOSE.

configure:3301: $? = 0
configure:3290: arm-linux-androideabi-gcc -v >&5
Using built-in specs.
COLLECT_GCC=arm-linux-androideabi-gcc
COLLECT_LTO_WRAPPER=/home/river/android-sdk/android-toolchain/bin/../libexec/gcc/arm-linux-androideabi/4.8/lto-wrapper
Target: arm-linux-androideabi
Configured with: /s/ndk-toolchain/src/build/../gcc/gcc-4.8/configure --prefix=/tmp/ndk-andrewhsieh/build/toolchain/prefix --target=arm-linux-androideabi --host=x86_64-linux-gnu --build=x86_64-linux-gnu --with-gnu-as --with-gnu-ld --enable-languages=c,c++ --with-gmp=/tmp/ndk-andrewhsieh/build/toolchain/temp-install --with-mpfr=/tmp/ndk-andrewhsieh/build/toolchain/temp-install --with-mpc=/tmp/ndk-andrewhsieh/build/toolchain/temp-install --with-cloog=/tmp/ndk-andrewhsieh/build/toolchain/temp-install --with-isl=/tmp/ndk-andrewhsieh/build/toolchain/temp-install --with-ppl=/tmp/ndk-andrewhsieh/build/toolchain/temp-install --disable-ppl-version-check --disable-cloog-version-check --disable-isl-version-check --enable-cloog-backend=isl --with-host-libstdcxx='-static-libgcc -Wl,-Bstatic,-lstdc++,-Bdynamic -lm' --disable-libssp --enable-threads --disable-nls --disable-libmudflap --disable-libgomp --disable-libstdc__-v3 --disable-sjlj-exceptions --disable-shared --disable-tls --disable-libitm --with-float=soft --with-fpu=vfp --with-arch=armv5te --enable-target-optspace --enable-initfini-array --disable-nls --prefix=/tmp/ndk-andrewhsieh/build/toolchain/prefix --with-sysroot=/tmp/ndk-andrewhsieh/build/toolchain/prefix/sysroot --with-binutils-version=2.23 --with-mpfr-version=3.1.1 --with-mpc-version=1.0.1 --with-gmp-version=5.0.5 --with-gcc-version=4.8 --with-gdb-version=7.3.x --with-python=/usr/local/google/home/andrewhsieh/mydroid/ndk/prebuilt/linux-x86_64/bin/python-config.sh --with-gxx-include-dir=/tmp/ndk-andrewhsieh/build/toolchain/prefix/include/c++/4.8 --with-bugurl=http://source.android.com/source/report-bugs.html --disable-bootstrap --disable-libquadmath --enable-plugins --enable-libgomp --disable-libsanitizer --enable-gold --enable-graphite=yes --with-cloog-version=0.18.0 --with-isl-version=0.11.1 --with-arch=armv5te --program-transform-name='s&^&arm-linux-androideabi-&' --enable-gold=default
Thread model: posix
gcc version 4.8 (GCC) 
configure:3301: $? = 0
configure:3290: arm-linux-androideabi-gcc -V >&5
arm-linux-androideabi-gcc: error: unrecognized command line option '-V'
arm-linux-androideabi-gcc: fatal error: no input files
compilation terminated.
configure:3301: $? = 1
configure:3290: arm-linux-androideabi-gcc -qversion >&5
arm-linux-androideabi-gcc: error: unrecognized command line option '-qversion'
arm-linux-androideabi-gcc: fatal error: no input files
compilation terminated.
configure:3301: $? = 1
configure:3321: checking whether the C compiler works
configure:3343: arm-linux-androideabi-gcc  -I/home/river/android-sdk/workplace/micharu123-py4a/python3-alpha/thirdparty/include -L/home/river/android-sdk/workplace/micharu123-py4a/python3-alpha/thirdparty/lib conftest.c  >&5
configure:3347: $? = 0
configure:3395: result: yes
configure:3398: checking for C compiler default output file name
configure:3400: result: a.out
configure:3406: checking for suffix of executables
configure:3413: arm-linux-androideabi-gcc -o conftest  -I/home/river/android-sdk/workplace/micharu123-py4a/python3-alpha/thirdparty/include -L/home/river/android-sdk/workplace/micharu123-py4a/python3-alpha/thirdparty/lib conftest.c  >&5
configure:3417: $? = 0
configure:3439: result: 
configure:3461: checking whether we are cross compiling
configure:3469: arm-linux-androideabi-gcc -o conftest  -I/home/river/android-sdk/workplace/micharu123-py4a/python3-alpha/thirdparty/include -L/home/river/android-sdk/workplace/micharu123-py4a/python3-alpha/thirdparty/lib conftest.c  >&5
configure:3473: $? = 0
configure:3480: ./conftest
./configure: line 3482: ./conftest: cannot execute binary file
configure:3484: $? = 126
configure:3499: result: yes
configure:3504: checking for suffix of object files
configure:3526: arm-linux-androideabi-gcc -c  -I/home/river/android-sdk/workplace/micharu123-py4a/python3-alpha/thirdparty/include conftest.c >&5
configure:3530: $? = 0
configure:3551: result: o
configure:3555: checking whether we are using the GNU C compiler
configure:3574: arm-linux-androideabi-gcc -c  -I/home/river/android-sdk/workplace/micharu123-py4a/python3-alpha/thirdparty/include conftest.c >&5
configure:3574: $? = 0
configure:3583: result: yes
configure:3592: checking whether arm-linux-androideabi-gcc accepts -g
configure:3612: arm-linux-androideabi-gcc -c -g -I/home/river/android-sdk/workplace/micharu123-py4a/python3-alpha/thirdparty/include conftest.c >&5
configure:3612: $? = 0
configure:3653: result: yes
configure:3670: checking for arm-linux-androideabi-gcc option to accept ISO C89
configure:3734: arm-linux-androideabi-gcc  -c -g -O2 -I/home/river/android-sdk/workplace/micharu123-py4a/python3-alpha/thirdparty/include conftest.c >&5
configure:3734: $? = 0
configure:3747: result: none needed
configure:3769: checking dependency style of arm-linux-androideabi-gcc
configure:3880: result: gcc3
configure:3895: checking for a sed that does not truncate output
configure:3959: result: /bin/sed
configure:3977: checking for grep that handles long lines and -e
configure:4035: result: /bin/grep
configure:4040: checking for egrep
configure:4102: result: /bin/grep -E
configure:4107: checking for fgrep
configure:4169: result: /bin/grep -F
configure:4204: checking for ld used by arm-linux-androideabi-gcc
configure:4271: result: arm-linux-androideabi-ld
configure:4278: checking if the linker (arm-linux-androideabi-ld) is GNU ld
configure:4293: result: yes
configure:4305: checking for BSD- or MS-compatible name lister (nm)
configure:4354: result: arm-linux-androideabi-nm
configure:4484: checking the name lister (arm-linux-androideabi-nm) interface
configure:4491: arm-linux-androideabi-gcc -c -g -O2 -I/home/river/android-sdk/workplace/micharu123-py4a/python3-alpha/thirdparty/include conftest.c >&5
configure:4494: arm-linux-androideabi-nm "conftest.o"
configure:4497: output
00000000 B some_variable
configure:4504: result: BSD nm
configure:4507: checking whether ln -s works
configure:4511: result: yes
configure:4519: checking the maximum length of command line arguments
configure:4649: result: 1572864
configure:4666: checking whether the shell understands some XSI constructs
configure:4676: result: yes
configure:4680: checking whether the shell understands "+="
configure:4686: result: yes
configure:4721: checking how to convert x86_64-unknown-linux-gnu file names to arm-unknown-linux-androideabi format
configure:4761: result: func_convert_file_noop
configure:4768: checking how to convert x86_64-unknown-linux-gnu file names to toolchain format
configure:4788: result: func_convert_file_noop
configure:4795: checking for arm-linux-androideabi-ld option to reload object files
configure:4802: result: -r
configure:4836: checking for arm-linux-androideabi-objdump
configure:4852: found /home/river/android-sdk/android-toolchain/bin/arm-linux-androideabi-objdump
configure:4863: result: arm-linux-androideabi-objdump
configure:4935: checking how to recognize dependent libraries
configure:5137: result: pass_all
configure:5182: checking for arm-linux-androideabi-dlltool
configure:5212: result: no
configure:5222: checking for dlltool
configure:5252: result: no
configure:5282: checking how to associate runtime and link libraries
configure:5309: result: printf %s\n
configure:5326: checking for arm-linux-androideabi-ar
configure:5353: result: arm-linux-androideabi-ar
configure:5434: checking for archiver @FILE support
configure:5451: arm-linux-androideabi-gcc -c -g -O2 -I/home/river/android-sdk/workplace/micharu123-py4a/python3-alpha/thirdparty/include conftest.c >&5
configure:5451: $? = 0
configure:5454: arm-linux-androideabi-ar cru libconftest.a @conftest.lst >&5
configure:5457: $? = 0
configure:5462: arm-linux-androideabi-ar cru libconftest.a @conftest.lst >&5
arm-linux-androideabi-ar: conftest.o: No such file or directory
configure:5465: $? = 1
configure:5477: result: @
configure:5495: checking for arm-linux-androideabi-strip
configure:5522: result: arm-linux-androideabi-strip
configure:5594: checking for arm-linux-androideabi-ranlib
configure:5621: result: arm-linux-androideabi-ranlib
configure:5763: checking command to parse arm-linux-androideabi-nm output from arm-linux-androideabi-gcc object
configure:5883: arm-linux-androideabi-gcc -c -g -O2 -I/home/river/android-sdk/workplace/micharu123-py4a/python3-alpha/thirdparty/include conftest.c >&5
configure:5886: $? = 0
configure:5890: arm-linux-androideabi-nm conftest.o \| sed -n -e 's/^.*[ ]\([ABCDGIRSTW][ABCDGIRSTW]*\)[ ][ ]*\([_A-Za-z][_A-Za-z0-9]*\)$/\1 \2 \2/p' | sed '/ __gnu_lto/d' \> conftest.nm
configure:5893: $? = 0
configure:5959: arm-linux-androideabi-gcc -o conftest -g -O2 -I/home/river/android-sdk/workplace/micharu123-py4a/python3-alpha/thirdparty/include -L/home/river/android-sdk/workplace/micharu123-py4a/python3-alpha/thirdparty/lib conftest.c conftstm.o >&5
configure:5962: $? = 0
configure:6000: result: ok
configure:6037: checking for sysroot
configure:6067: result: no
configure:6283: checking for arm-linux-androideabi-mt
configure:6313: result: no
configure:6323: checking for mt
configure:6339: found /bin/mt
configure:6350: result: mt
configure:6362: WARNING: using cross tools not prefixed with host triplet
configure:6373: checking if mt is a manifest tool
configure:6379: mt '-?'
configure:6387: result: no
configure:7029: checking how to run the C preprocessor
configure:7060: arm-linux-androideabi-gcc -E -I/home/river/android-sdk/workplace/micharu123-py4a/python3-alpha/thirdparty/include conftest.c
configure:7060: $? = 0
configure:7074: arm-linux-androideabi-gcc -E -I/home/river/android-sdk/workplace/micharu123-py4a/python3-alpha/thirdparty/include conftest.c
conftest.c:11:28: fatal error: ac_nonexistent.h: No such file or directory
 #include <ac_nonexistent.h>
                            ^
compilation terminated.
configure:7074: $? = 1
configure: failed program was:
| /* confdefs.h */
| #define PACKAGE_NAME "pbc"
| #define PACKAGE_TARNAME "pbc"
| #define PACKAGE_VERSION "0.5.12"
| #define PACKAGE_STRING "pbc 0.5.12"
| #define PACKAGE_BUGREPORT "blynn@cs.stanford.edu"
| #define PACKAGE_URL ""
| #define PACKAGE "pbc"
| #define VERSION "0.5.12"
| /* end confdefs.h.  */
| #include <ac_nonexistent.h>
configure:7099: result: arm-linux-androideabi-gcc -E
configure:7119: arm-linux-androideabi-gcc -E -I/home/river/android-sdk/workplace/micharu123-py4a/python3-alpha/thirdparty/include conftest.c
configure:7119: $? = 0
configure:7133: arm-linux-androideabi-gcc -E -I/home/river/android-sdk/workplace/micharu123-py4a/python3-alpha/thirdparty/include conftest.c
conftest.c:11:28: fatal error: ac_nonexistent.h: No such file or directory
 #include <ac_nonexistent.h>
                            ^
compilation terminated.
configure:7133: $? = 1
configure: failed program was:
| /* confdefs.h */
| #define PACKAGE_NAME "pbc"
| #define PACKAGE_TARNAME "pbc"
| #define PACKAGE_VERSION "0.5.12"
| #define PACKAGE_STRING "pbc 0.5.12"
| #define PACKAGE_BUGREPORT "blynn@cs.stanford.edu"
| #define PACKAGE_URL ""
| #define PACKAGE "pbc"
| #define VERSION "0.5.12"
| /* end confdefs.h.  */
| #include <ac_nonexistent.h>
configure:7162: checking for ANSI C header files
configure:7182: arm-linux-androideabi-gcc -c -g -O2 -I/home/river/android-sdk/workplace/micharu123-py4a/python3-alpha/thirdparty/include conftest.c >&5
configure:7182: $? = 0
configure:7266: result: yes
configure:7279: checking for sys/types.h
configure:7279: arm-linux-androideabi-gcc -c -g -O2 -I/home/river/android-sdk/workplace/micharu123-py4a/python3-alpha/thirdparty/include conftest.c >&5
configure:7279: $? = 0
configure:7279: result: yes
configure:7279: checking for sys/stat.h
configure:7279: arm-linux-androideabi-gcc -c -g -O2 -I/home/river/android-sdk/workplace/micharu123-py4a/python3-alpha/thirdparty/include conftest.c >&5
configure:7279: $? = 0
configure:7279: result: yes
configure:7279: checking for stdlib.h
configure:7279: arm-linux-androideabi-gcc -c -g -O2 -I/home/river/android-sdk/workplace/micharu123-py4a/python3-alpha/thirdparty/include conftest.c >&5
configure:7279: $? = 0
configure:7279: result: yes
configure:7279: checking for string.h
configure:7279: arm-linux-androideabi-gcc -c -g -O2 -I/home/river/android-sdk/workplace/micharu123-py4a/python3-alpha/thirdparty/include conftest.c >&5
configure:7279: $? = 0
configure:7279: result: yes
configure:7279: checking for memory.h
configure:7279: arm-linux-androideabi-gcc -c -g -O2 -I/home/river/android-sdk/workplace/micharu123-py4a/python3-alpha/thirdparty/include conftest.c >&5
configure:7279: $? = 0
configure:7279: result: yes
configure:7279: checking for strings.h
configure:7279: arm-linux-androideabi-gcc -c -g -O2 -I/home/river/android-sdk/workplace/micharu123-py4a/python3-alpha/thirdparty/include conftest.c >&5
configure:7279: $? = 0
configure:7279: result: yes
configure:7279: checking for inttypes.h
configure:7279: arm-linux-androideabi-gcc -c -g -O2 -I/home/river/android-sdk/workplace/micharu123-py4a/python3-alpha/thirdparty/include conftest.c >&5
configure:7279: $? = 0
configure:7279: result: yes
configure:7279: checking for stdint.h
configure:7279: arm-linux-androideabi-gcc -c -g -O2 -I/home/river/android-sdk/workplace/micharu123-py4a/python3-alpha/thirdparty/include conftest.c >&5
configure:7279: $? = 0
configure:7279: result: yes
configure:7279: checking for unistd.h
configure:7279: arm-linux-androideabi-gcc -c -g -O2 -I/home/river/android-sdk/workplace/micharu123-py4a/python3-alpha/thirdparty/include conftest.c >&5
configure:7279: $? = 0
configure:7279: result: yes
configure:7293: checking for dlfcn.h
configure:7293: arm-linux-androideabi-gcc -c -g -O2 -I/home/river/android-sdk/workplace/micharu123-py4a/python3-alpha/thirdparty/include conftest.c >&5
configure:7293: $? = 0
configure:7293: result: yes
configure:7499: checking for objdir
configure:7514: result: .libs
configure:7781: checking if arm-linux-androideabi-gcc supports -fno-rtti -fno-exceptions
configure:7799: arm-linux-androideabi-gcc -c -g -O2 -I/home/river/android-sdk/workplace/micharu123-py4a/python3-alpha/thirdparty/include -fno-rtti -fno-exceptions conftest.c >&5
cc1: warning: command line option '-fno-rtti' is valid for C++/ObjC++ but not for C [enabled by default]
configure:7803: $? = 0
configure:7816: result: no
configure:8143: checking for arm-linux-androideabi-gcc option to produce PIC
configure:8150: result: -fPIC -DPIC
configure:8158: checking if arm-linux-androideabi-gcc PIC flag -fPIC -DPIC works
configure:8176: arm-linux-androideabi-gcc -c -g -O2 -I/home/river/android-sdk/workplace/micharu123-py4a/python3-alpha/thirdparty/include -fPIC -DPIC -DPIC conftest.c >&5
configure:8180: $? = 0
configure:8193: result: yes
configure:8222: checking if arm-linux-androideabi-gcc static flag -static works
configure:8250: result: yes
configure:8265: checking if arm-linux-androideabi-gcc supports -c -o file.o
configure:8286: arm-linux-androideabi-gcc -c -g -O2 -I/home/river/android-sdk/workplace/micharu123-py4a/python3-alpha/thirdparty/include -o out/conftest2.o conftest.c >&5
configure:8290: $? = 0
configure:8312: result: yes
configure:8320: checking if arm-linux-androideabi-gcc supports -c -o file.o
configure:8367: result: yes
configure:8400: checking whether the arm-linux-androideabi-gcc linker (arm-linux-androideabi-ld) supports shared libraries
configure:9557: result: yes
configure:9594: checking whether -lc should be explicitly linked in
configure:9602: arm-linux-androideabi-gcc -c -g -O2 -I/home/river/android-sdk/workplace/micharu123-py4a/python3-alpha/thirdparty/include conftest.c >&5
configure:9605: $? = 0
configure:9620: arm-linux-androideabi-gcc -shared  -fPIC -DPIC conftest.o  -v -Wl,-soname -Wl,conftest -o conftest 2\>\&1 \| /bin/grep  -lc  \>/dev/null 2\>\&1
configure:9623: $? = 0
configure:9637: result: no
configure:9797: checking dynamic linker characteristics
configure:10308: arm-linux-androideabi-gcc -o conftest -g -O2 -I/home/river/android-sdk/workplace/micharu123-py4a/python3-alpha/thirdparty/include -L/home/river/android-sdk/workplace/micharu123-py4a/python3-alpha/thirdparty/lib -Wl,-rpath -Wl,/foo conftest.c  >&5
configure:10308: $? = 0
configure:10542: result: GNU/Linux ld.so
configure:10649: checking how to hardcode library paths into programs
configure:10674: result: immediate
configure:11214: checking whether stripping libraries is possible
configure:11219: result: yes
configure:11254: checking if libtool supports shared libraries
configure:11256: result: yes
configure:11259: checking whether to build shared libraries
configure:11280: result: yes
configure:11283: checking whether to build static libraries
configure:11287: result: yes
configure:11700: checking for arm-linux-androideabi-gcc
configure:11727: result: arm-linux-androideabi-gcc
configure:11996: checking for C compiler version
configure:12005: arm-linux-androideabi-gcc --version >&5
arm-linux-androideabi-gcc (GCC) 4.8
Copyright (C) 2013 Free Software Foundation, Inc.
This is free software; see the source for copying conditions.  There is NO
warranty; not even for MERCHANTABILITY or FITNESS FOR A PARTICULAR PURPOSE.

configure:12016: $? = 0
configure:12005: arm-linux-androideabi-gcc -v >&5
Using built-in specs.
COLLECT_GCC=arm-linux-androideabi-gcc
COLLECT_LTO_WRAPPER=/home/river/android-sdk/android-toolchain/bin/../libexec/gcc/arm-linux-androideabi/4.8/lto-wrapper
Target: arm-linux-androideabi
Configured with: /s/ndk-toolchain/src/build/../gcc/gcc-4.8/configure --prefix=/tmp/ndk-andrewhsieh/build/toolchain/prefix --target=arm-linux-androideabi --host=x86_64-linux-gnu --build=x86_64-linux-gnu --with-gnu-as --with-gnu-ld --enable-languages=c,c++ --with-gmp=/tmp/ndk-andrewhsieh/build/toolchain/temp-install --with-mpfr=/tmp/ndk-andrewhsieh/build/toolchain/temp-install --with-mpc=/tmp/ndk-andrewhsieh/build/toolchain/temp-install --with-cloog=/tmp/ndk-andrewhsieh/build/toolchain/temp-install --with-isl=/tmp/ndk-andrewhsieh/build/toolchain/temp-install --with-ppl=/tmp/ndk-andrewhsieh/build/toolchain/temp-install --disable-ppl-version-check --disable-cloog-version-check --disable-isl-version-check --enable-cloog-backend=isl --with-host-libstdcxx='-static-libgcc -Wl,-Bstatic,-lstdc++,-Bdynamic -lm' --disable-libssp --enable-threads --disable-nls --disable-libmudflap --disable-libgomp --disable-libstdc__-v3 --disable-sjlj-exceptions --disable-shared --disable-tls --disable-libitm --with-float=soft --with-fpu=vfp --with-arch=armv5te --enable-target-optspace --enable-initfini-array --disable-nls --prefix=/tmp/ndk-andrewhsieh/build/toolchain/prefix --with-sysroot=/tmp/ndk-andrewhsieh/build/toolchain/prefix/sysroot --with-binutils-version=2.23 --with-mpfr-version=3.1.1 --with-mpc-version=1.0.1 --with-gmp-version=5.0.5 --with-gcc-version=4.8 --with-gdb-version=7.3.x --with-python=/usr/local/google/home/andrewhsieh/mydroid/ndk/prebuilt/linux-x86_64/bin/python-config.sh --with-gxx-include-dir=/tmp/ndk-andrewhsieh/build/toolchain/prefix/include/c++/4.8 --with-bugurl=http://source.android.com/source/report-bugs.html --disable-bootstrap --disable-libquadmath --enable-plugins --enable-libgomp --disable-libsanitizer --enable-gold --enable-graphite=yes --with-cloog-version=0.18.0 --with-isl-version=0.11.1 --with-arch=armv5te --program-transform-name='s&^&arm-linux-androideabi-&' --enable-gold=default
Thread model: posix
gcc version 4.8 (GCC) 
configure:12016: $? = 0
configure:12005: arm-linux-androideabi-gcc -V >&5
arm-linux-androideabi-gcc: error: unrecognized command line option '-V'
arm-linux-androideabi-gcc: fatal error: no input files
compilation terminated.
configure:12016: $? = 1
configure:12005: arm-linux-androideabi-gcc -qversion >&5
arm-linux-androideabi-gcc: error: unrecognized command line option '-qversion'
arm-linux-androideabi-gcc: fatal error: no input files
compilation terminated.
configure:12016: $? = 1
configure:12020: checking whether we are using the GNU C compiler
configure:12048: result: yes
configure:12057: checking whether arm-linux-androideabi-gcc accepts -g
configure:12118: result: yes
configure:12135: checking for arm-linux-androideabi-gcc option to accept ISO C89
configure:12212: result: none needed
configure:12234: checking dependency style of arm-linux-androideabi-gcc
configure:12345: result: gcc3
configure:12365: checking how to run the C preprocessor
configure:12435: result: arm-linux-androideabi-gcc -E
configure:12455: arm-linux-androideabi-gcc -E -I/home/river/android-sdk/workplace/micharu123-py4a/python3-alpha/thirdparty/include conftest.c
configure:12455: $? = 0
configure:12469: arm-linux-androideabi-gcc -E -I/home/river/android-sdk/workplace/micharu123-py4a/python3-alpha/thirdparty/include conftest.c
conftest.c:23:28: fatal error: ac_nonexistent.h: No such file or directory
 #include <ac_nonexistent.h>
                            ^
compilation terminated.
configure:12469: $? = 1
configure: failed program was:
| /* confdefs.h */
| #define PACKAGE_NAME "pbc"
| #define PACKAGE_TARNAME "pbc"
| #define PACKAGE_VERSION "0.5.12"
| #define PACKAGE_STRING "pbc 0.5.12"
| #define PACKAGE_BUGREPORT "blynn@cs.stanford.edu"
| #define PACKAGE_URL ""
| #define PACKAGE "pbc"
| #define VERSION "0.5.12"
| #define STDC_HEADERS 1
| #define HAVE_SYS_TYPES_H 1
| #define HAVE_SYS_STAT_H 1
| #define HAVE_STDLIB_H 1
| #define HAVE_STRING_H 1
| #define HAVE_MEMORY_H 1
| #define HAVE_STRINGS_H 1
| #define HAVE_INTTYPES_H 1
| #define HAVE_STDINT_H 1
| #define HAVE_UNISTD_H 1
| #define HAVE_DLFCN_H 1
| #define LT_OBJDIR ".libs/"
| /* end confdefs.h.  */
| #include <ac_nonexistent.h>
configure:12498: checking whether ln -s works
configure:12502: result: yes
configure:12509: checking whether make sets $(MAKE)
configure:12531: result: yes
configure:12543: checking for pow in -lm
configure:12568: arm-linux-androideabi-gcc -o conftest  -I/home/river/android-sdk/workplace/micharu123-py4a/python3-alpha/thirdparty/include -L/home/river/android-sdk/workplace/micharu123-py4a/python3-alpha/thirdparty/lib conftest.c -lm   >&5
conftest.c:30:6: warning: conflicting types for built-in function 'pow' [enabled by default]
 char pow ();
      ^
configure:12568: $? = 0
configure:12577: result: yes
configure:12596: checking for __gmpz_init in -lgmp
configure:12621: arm-linux-androideabi-gcc -o conftest  -I/home/river/android-sdk/workplace/micharu123-py4a/python3-alpha/thirdparty/include -L/home/river/android-sdk/workplace/micharu123-py4a/python3-alpha/thirdparty/lib conftest.c -lgmp  -lm  >&5
/home/river/android-sdk/workplace/micharu123-py4a/python3-alpha/thirdparty/lib/libgmp.so: error: undefined reference to '__gmpn_invert_limb'
collect2: error: ld returned 1 exit status
configure:12621: $? = 1
configure: failed program was:
| /* confdefs.h */
| #define PACKAGE_NAME "pbc"
| #define PACKAGE_TARNAME "pbc"
| #define PACKAGE_VERSION "0.5.12"
| #define PACKAGE_STRING "pbc 0.5.12"
| #define PACKAGE_BUGREPORT "blynn@cs.stanford.edu"
| #define PACKAGE_URL ""
| #define PACKAGE "pbc"
| #define VERSION "0.5.12"
| #define STDC_HEADERS 1
| #define HAVE_SYS_TYPES_H 1
| #define HAVE_SYS_STAT_H 1
| #define HAVE_STDLIB_H 1
| #define HAVE_STRING_H 1
| #define HAVE_MEMORY_H 1
| #define HAVE_STRINGS_H 1
| #define HAVE_INTTYPES_H 1
| #define HAVE_STDINT_H 1
| #define HAVE_UNISTD_H 1
| #define HAVE_DLFCN_H 1
| #define LT_OBJDIR ".libs/"
| #define HAVE_LIBM 1
| /* end confdefs.h.  */
| 
| /* Override any GCC internal prototype to avoid an error.
|    Use char because int might match the return type of a GCC
|    builtin and then its argument prototype would still apply.  */
| #ifdef __cplusplus
| extern "C"
| #endif
| char __gmpz_init ();
| int
| main ()
| {
| return __gmpz_init ();
|   ;
|   return 0;
| }
configure:12631: result: no

## ---------------- ##
## Cache variables. ##
## ---------------- ##

ac_cv_build=x86_64-unknown-linux-gnu
ac_cv_c_compiler_gnu=yes
ac_cv_env_CC_set=set
ac_cv_env_CC_value=arm-linux-androideabi-gcc
ac_cv_env_CFLAGS_set=
ac_cv_env_CFLAGS_value=
ac_cv_env_CPPFLAGS_set=set
ac_cv_env_CPPFLAGS_value=-I/home/river/android-sdk/workplace/micharu123-py4a/python3-alpha/thirdparty/include
ac_cv_env_CPP_set=
ac_cv_env_CPP_value=
ac_cv_env_LDFLAGS_set=set
ac_cv_env_LDFLAGS_value=-L/home/river/android-sdk/workplace/micharu123-py4a/python3-alpha/thirdparty/lib
ac_cv_env_LIBS_set=
ac_cv_env_LIBS_value=
ac_cv_env_build_alias_set=
ac_cv_env_build_alias_value=
ac_cv_env_host_alias_set=set
ac_cv_env_host_alias_value=arm-linux-androideabi
ac_cv_env_target_alias_set=set
ac_cv_env_target_alias_value=arm-linux-androideabi
ac_cv_header_dlfcn_h=yes
ac_cv_header_inttypes_h=yes
ac_cv_header_memory_h=yes
ac_cv_header_stdc=yes
ac_cv_header_stdint_h=yes
ac_cv_header_stdlib_h=yes
ac_cv_header_string_h=yes
ac_cv_header_strings_h=yes
ac_cv_header_sys_stat_h=yes
ac_cv_header_sys_types_h=yes
ac_cv_header_unistd_h=yes
ac_cv_host=arm-unknown-linux-androideabi
ac_cv_lib_gmp___gmpz_init=no
ac_cv_lib_m_pow=yes
ac_cv_objext=o
ac_cv_path_EGREP='/bin/grep -E'
ac_cv_path_FGREP='/bin/grep -F'
ac_cv_path_GREP=/bin/grep
ac_cv_path_SED=/bin/sed
ac_cv_path_install='/usr/bin/install -c'
ac_cv_path_mkdir=/bin/mkdir
ac_cv_prog_AR=arm-linux-androideabi-ar
ac_cv_prog_AWK=mawk
ac_cv_prog_CC=arm-linux-androideabi-gcc
ac_cv_prog_CPP='arm-linux-androideabi-gcc -E'
ac_cv_prog_OBJDUMP=arm-linux-androideabi-objdump
ac_cv_prog_RANLIB=arm-linux-androideabi-ranlib
ac_cv_prog_STRIP=arm-linux-androideabi-strip
ac_cv_prog_ac_ct_MANIFEST_TOOL=mt
ac_cv_prog_cc_c89=
ac_cv_prog_cc_g=yes
ac_cv_prog_make_make_set=yes
am_cv_CC_dependencies_compiler_type=gcc3
lt_cv_ar_at_file=@
lt_cv_archive_cmds_need_lc=no
lt_cv_deplibs_check_method=pass_all
lt_cv_file_magic_cmd='$MAGIC_CMD'
lt_cv_file_magic_test_file=
lt_cv_ld_reload_flag=-r
lt_cv_nm_interface='BSD nm'
lt_cv_objdir=.libs
lt_cv_path_LD=arm-linux-androideabi-ld
lt_cv_path_NM=arm-linux-androideabi-nm
lt_cv_path_mainfest_tool=no
lt_cv_prog_compiler_c_o=yes
lt_cv_prog_compiler_pic='-fPIC -DPIC'
lt_cv_prog_compiler_pic_works=yes
lt_cv_prog_compiler_rtti_exceptions=no
lt_cv_prog_compiler_static_works=yes
lt_cv_prog_gnu_ld=yes
lt_cv_sharedlib_from_linklib_cmd='printf %s\n'
lt_cv_shlibpath_overrides_runpath=no
lt_cv_sys_global_symbol_pipe='sed -n -e '\''s/^.*[	 ]\([ABCDGIRSTW][ABCDGIRSTW]*\)[	 ][	 ]*\([_A-Za-z][_A-Za-z0-9]*\)$/\1 \2 \2/p'\'' | sed '\''/ __gnu_lto/d'\'''
lt_cv_sys_global_symbol_to_c_name_address='sed -n -e '\''s/^: \([^ ]*\)[ ]*$/  {\"\1\", (void *) 0},/p'\'' -e '\''s/^[ABCDGIRSTW]* \([^ ]*\) \([^ ]*\)$/  {"\2", (void *) \&\2},/p'\'''
lt_cv_sys_global_symbol_to_c_name_address_lib_prefix='sed -n -e '\''s/^: \([^ ]*\)[ ]*$/  {\"\1\", (void *) 0},/p'\'' -e '\''s/^[ABCDGIRSTW]* \([^ ]*\) \(lib[^ ]*\)$/  {"\2", (void *) \&\2},/p'\'' -e '\''s/^[ABCDGIRSTW]* \([^ ]*\) \([^ ]*\)$/  {"lib\2", (void *) \&\2},/p'\'''
lt_cv_sys_global_symbol_to_cdecl='sed -n -e '\''s/^T .* \(.*\)$/extern int \1();/p'\'' -e '\''s/^[ABCDGIRSTW]* .* \(.*\)$/extern char \1;/p'\'''
lt_cv_sys_max_cmd_len=1572864
lt_cv_to_host_file_cmd=func_convert_file_noop
lt_cv_to_tool_file_cmd=func_convert_file_noop

## ----------------- ##
## Output variables. ##
## ----------------- ##

ACLOCAL='${SHELL} /home/river/android-sdk/workplace/micharu123-py4a/python3-alpha/pbc-0.5.12/missing --run aclocal-1.11'
ALLOCA=''
AMDEPBACKSLASH='\'
AMDEP_FALSE='#'
AMDEP_TRUE=''
AMTAR='$${TAR-tar}'
AR='arm-linux-androideabi-ar'
AS='as'
AUTOCONF='${SHELL} /home/river/android-sdk/workplace/micharu123-py4a/python3-alpha/pbc-0.5.12/missing --run autoconf'
AUTOHEADER='${SHELL} /home/river/android-sdk/workplace/micharu123-py4a/python3-alpha/pbc-0.5.12/missing --run autoheader'
AUTOMAKE='${SHELL} /home/river/android-sdk/workplace/micharu123-py4a/python3-alpha/pbc-0.5.12/missing --run automake-1.11'
AWK='mawk'
CC='arm-linux-androideabi-gcc'
CCDEPMODE='depmode=gcc3'
CFLAGS=''
CPP='arm-linux-androideabi-gcc -E'
CPPFLAGS='-I/home/river/android-sdk/workplace/micharu123-py4a/python3-alpha/thirdparty/include'
CYGPATH_W='echo'
DEFS=''
DEPDIR='.deps'
DLLTOOL='false'
DSYMUTIL=''
DUMPBIN=''
ECHO_C=''
ECHO_N='-n'
ECHO_T=''
EGREP='/bin/grep -E'
EXEEXT=''
FGREP='/bin/grep -F'
GREP='/bin/grep'
INSTALL_DATA='${INSTALL} -m 644'
INSTALL_PROGRAM='${INSTALL}'
INSTALL_SCRIPT='${INSTALL}'
INSTALL_STRIP_PROGRAM='$(install_sh) -c -s'
LD='arm-linux-androideabi-ld'
LDFLAGS='-L/home/river/android-sdk/workplace/micharu123-py4a/python3-alpha/thirdparty/lib'
LIBOBJS=''
LIBPBC_DLL='0'
LIBPBC_LDFLAGS=''
LIBS='-lm '
LIBTOOL='$(SHELL) $(top_builddir)/libtool'
LIPO=''
LN_S='ln -s'
LTLIBOBJS=''
MAKEINFO='${SHELL} /home/river/android-sdk/workplace/micharu123-py4a/python3-alpha/pbc-0.5.12/missing --run makeinfo'
MANIFEST_TOOL=':'
MKDIR_P='/bin/mkdir -p'
NM='arm-linux-androideabi-nm'
NMEDIT=''
OBJDUMP='arm-linux-androideabi-objdump'
OBJEXT='o'
OTOOL64=''
OTOOL=''
PACKAGE='pbc'
PACKAGE_BUGREPORT='blynn@cs.stanford.edu'
PACKAGE_NAME='pbc'
PACKAGE_STRING='pbc 0.5.12'
PACKAGE_TARNAME='pbc'
PACKAGE_URL=''
PACKAGE_VERSION='0.5.12'
PATH_SEPARATOR=':'
PBC_LDFLAGS=''
RANLIB='arm-linux-androideabi-ranlib'
SED='/bin/sed'
SET_MAKE=''
SHELL='/bin/bash'
STRIP='arm-linux-androideabi-strip'
VERSION='0.5.12'
ac_ct_AR=''
ac_ct_CC=''
ac_ct_DUMPBIN=''
am__EXEEXT_FALSE=''
am__EXEEXT_TRUE=''
am__fastdepCC_FALSE='#'
am__fastdepCC_TRUE=''
am__include='include'
am__isrc=''
am__leading_dot='.'
am__nodep='_no'
am__quote=''
am__tar='$${TAR-tar} chof - "$$tardir"'
am__untar='$${TAR-tar} xf -'
bindir='${exec_prefix}/bin'
build='x86_64-unknown-linux-gnu'
build_alias=''
build_cpu='x86_64'
build_os='linux-gnu'
build_vendor='unknown'
datadir='${datarootdir}'
datarootdir='${prefix}/share'
docdir='${datarootdir}/doc/${PACKAGE_TARNAME}'
dvidir='${docdir}'
exec_prefix='NONE'
host='arm-unknown-linux-androideabi'
host_alias='arm-linux-androideabi'
host_cpu='arm'
host_os='linux-androideabi'
host_vendor='unknown'
htmldir='${docdir}'
includedir='${prefix}/include'
infodir='${datarootdir}/info'
install_sh='${SHELL} /home/river/android-sdk/workplace/micharu123-py4a/python3-alpha/pbc-0.5.12/install-sh'
libdir='${exec_prefix}/lib'
libexecdir='${exec_prefix}/libexec'
localedir='${datarootdir}/locale'
localstatedir='${prefix}/var'
mandir='${datarootdir}/man'
mkdir_p='/bin/mkdir -p'
oldincludedir='/usr/include'
pdfdir='${docdir}'
prefix='/home/river/android-sdk/workplace/micharu123-py4a/python3-alpha/thirdparty'
program_transform_name='s,x,x,'
psdir='${docdir}'
sbindir='${exec_prefix}/sbin'
sharedstatedir='${prefix}/com'
sysconfdir='${prefix}/etc'
target_alias='arm-linux-androideabi'

## ----------- ##
## confdefs.h. ##
## ----------- ##

/* confdefs.h */
#define PACKAGE_NAME "pbc"
#define PACKAGE_TARNAME "pbc"
#define PACKAGE_VERSION "0.5.12"
#define PACKAGE_STRING "pbc 0.5.12"
#define PACKAGE_BUGREPORT "blynn@cs.stanford.edu"
#define PACKAGE_URL ""
#define PACKAGE "pbc"
#define VERSION "0.5.12"
#define STDC_HEADERS 1
#define HAVE_SYS_TYPES_H 1
#define HAVE_SYS_STAT_H 1
#define HAVE_STDLIB_H 1
#define HAVE_STRING_H 1
#define HAVE_MEMORY_H 1
#define HAVE_STRINGS_H 1
#define HAVE_INTTYPES_H 1
#define HAVE_STDINT_H 1
#define HAVE_UNISTD_H 1
#define HAVE_DLFCN_H 1
#define LT_OBJDIR ".libs/"
#define HAVE_LIBM 1

configure: exit 255
